<?xml version="1.0" encoding="UTF-8"?>
<!-- Generated by org.testng.reporters.JUnitXMLReporter -->
<testsuite ignored="2" hostname="Madhuri" failures="0" tests="2" name="Test" time="50.576" errors="0" timestamp="2023-11-13T13:19:46 IST">
  <testcase classname="testscripts.regression.ValidateLoginUsingPOM2" name="validateLoginTest" time="5.81"/>
  <testcase classname="testscripts.regression.ValidateRegistrationPOM" name="validateRegistration" time="5.095"/>
  <testcase classname="base.BaseTest" name="@AfterTest closeReports" time="0.0">
    <ignored/>
  </testcase> <!-- @AfterTest closeReports -->
  <testcase classname="base.BaseTest" name="@BeforeTest filesRead" time="0.0">
    <ignored/>
  </testcase> <!-- @BeforeTest filesRead -->
</testsuite> <!-- Test -->
