<?xml version="1.0" encoding="UTF-8"?>
<!-- Generated by org.testng.reporters.JUnitXMLReporter -->
<testsuite ignored="2" hostname="Madhuri" failures="0" tests="2" name="Test" time="61.655" errors="0" timestamp="2023-11-14T14:51:05 IST">
  <testcase classname="testscripts.regression.ValidateLoginUsingPOM2" name="validateLoginTest" time="5.244"/>
  <testcase classname="testscripts.regression.ValidateRegistrationPOM" name="validateRegistration" time="6.518"/>
  <testcase classname="base.BaseTest" name="@BeforeTest filesRead" time="0.0">
    <ignored/>
  </testcase> <!-- @BeforeTest filesRead -->
  <testcase classname="base.BaseTest" name="@AfterTest closeReports" time="0.0">
    <ignored/>
  </testcase> <!-- @AfterTest closeReports -->
</testsuite> <!-- Test -->
