<?xml version="1.0" encoding="UTF-8"?>
<testng-results ignored="0" total="2" passed="2" failed="0" skipped="0">
  <reporter-output>
  </reporter-output>
  <suite started-at="2023-11-14T14:50:03 IST" name="Suite" finished-at="2023-11-14T14:51:05 IST" duration-ms="61655">
    <groups>
    </groups>
    <test started-at="2023-11-14T14:50:03 IST" name="Test" finished-at="2023-11-14T14:51:05 IST" duration-ms="61655">
      <class name="testscripts.regression.ValidateRegistrationPOM">
        <test-method is-config="true" signature="setUp(org.testng.ITestContext)[pri:0, instance:testscripts.regression.ValidateRegistrationPOM@19932c16]" started-at="2023-11-14T14:50:34 IST" name="setUp" finished-at="2023-11-14T14:50:54 IST" duration-ms="19120" status="PASS">
          <params>
            <param index="0">
              <value>
                <![CDATA[org.testng.TestRunner@443af394]]>
              </value>
            </param>
          </params>
          <reporter-output>
          </reporter-output>
        </test-method> <!-- setUp -->
        <test-method signature="validateRegistration(java.util.HashMap)[pri:0, instance:testscripts.regression.ValidateRegistrationPOM@19932c16]" started-at="2023-11-14T14:50:54 IST" name="validateRegistration" data-provider="getData" finished-at="2023-11-14T14:51:00 IST" duration-ms="6518" status="PASS">
          <params>
            <param index="0">
              <value>
                <![CDATA[{Expected Title=Adactin.com - New User Registration, Username=Ravi0111, Captcha Text=marbly, Confirm Password=Ravi123, Full Name=Ravi Kumar, Password=Ravi123, Email Address=ravi12@gmail.com}]]>
              </value>
            </param>
          </params>
          <reporter-output>
          </reporter-output>
        </test-method> <!-- validateRegistration -->
        <test-method is-config="true" signature="teardown()[pri:0, instance:testscripts.regression.ValidateRegistrationPOM@19932c16]" started-at="2023-11-14T14:51:00 IST" name="teardown" finished-at="2023-11-14T14:51:04 IST" duration-ms="3703" status="PASS">
          <reporter-output>
          </reporter-output>
        </test-method> <!-- teardown -->
      </class> <!-- testscripts.regression.ValidateRegistrationPOM -->
      <class name="testscripts.regression.ValidateLoginUsingPOM2">
        <test-method is-config="true" signature="filesRead()[pri:0, instance:testscripts.regression.ValidateLoginUsingPOM2@4082ba93]" started-at="2023-11-14T14:50:03 IST" name="filesRead" finished-at="2023-11-14T14:50:04 IST" duration-ms="406" status="PASS">
          <reporter-output>
          </reporter-output>
        </test-method> <!-- filesRead -->
        <test-method is-config="true" signature="setUp(org.testng.ITestContext)[pri:0, instance:testscripts.regression.ValidateLoginUsingPOM2@4082ba93]" started-at="2023-11-14T14:50:05 IST" name="setUp" finished-at="2023-11-14T14:50:25 IST" duration-ms="20469" status="PASS">
          <params>
            <param index="0">
              <value>
                <![CDATA[org.testng.TestRunner@443af394]]>
              </value>
            </param>
          </params>
          <reporter-output>
          </reporter-output>
        </test-method> <!-- setUp -->
        <test-method signature="validateLoginTest(java.util.HashMap)[pri:0, instance:testscripts.regression.ValidateLoginUsingPOM2@4082ba93]" started-at="2023-11-14T14:50:25 IST" name="validateLoginTest" data-provider="getData" finished-at="2023-11-14T14:50:30 IST" duration-ms="5244" status="PASS">
          <params>
            <param index="0">
              <value>
                <![CDATA[{Expected Title=Adactin.com - Search Hotel, password=reyaz123, username=reyaz009}]]>
              </value>
            </param>
          </params>
          <reporter-output>
          </reporter-output>
        </test-method> <!-- validateLoginTest -->
        <test-method is-config="true" signature="teardown()[pri:0, instance:testscripts.regression.ValidateLoginUsingPOM2@4082ba93]" started-at="2023-11-14T14:50:31 IST" name="teardown" finished-at="2023-11-14T14:50:34 IST" duration-ms="3692" status="PASS">
          <reporter-output>
          </reporter-output>
        </test-method> <!-- teardown -->
        <test-method is-config="true" signature="closeReports()[pri:0, instance:testscripts.regression.ValidateLoginUsingPOM2@4082ba93]" started-at="2023-11-14T14:51:04 IST" name="closeReports" finished-at="2023-11-14T14:51:05 IST" duration-ms="755" status="PASS">
          <reporter-output>
          </reporter-output>
        </test-method> <!-- closeReports -->
      </class> <!-- testscripts.regression.ValidateLoginUsingPOM2 -->
    </test> <!-- Test -->
  </suite> <!-- Suite -->
</testng-results>
