<?xml version="1.0" encoding="UTF-8"?>
<testng-results ignored="0" total="2" passed="2" failed="0" skipped="0">
  <reporter-output>
  </reporter-output>
  <suite started-at="2023-11-13T13:18:55 IST" name="Suite" finished-at="2023-11-13T13:19:46 IST" duration-ms="50576">
    <groups>
    </groups>
    <test started-at="2023-11-13T13:18:55 IST" name="Test" finished-at="2023-11-13T13:19:46 IST" duration-ms="50576">
      <class name="testscripts.regression.ValidateRegistrationPOM">
        <test-method is-config="true" signature="setUp(org.testng.ITestContext)[pri:0, instance:testscripts.regression.ValidateRegistrationPOM@66982506]" started-at="2023-11-13T13:19:29 IST" name="setUp" finished-at="2023-11-13T13:19:36 IST" duration-ms="7054" status="PASS">
          <params>
            <param index="0">
              <value>
                <![CDATA[org.testng.TestRunner@5f5c187d]]>
              </value>
            </param>
          </params>
          <reporter-output>
          </reporter-output>
        </test-method> <!-- setUp -->
        <test-method signature="validateRegistration(java.util.HashMap)[pri:0, instance:testscripts.regression.ValidateRegistrationPOM@66982506]" started-at="2023-11-13T13:19:36 IST" name="validateRegistration" data-provider="getData" finished-at="2023-11-13T13:19:41 IST" duration-ms="5095" status="PASS">
          <params>
            <param index="0">
              <value>
                <![CDATA[{Expected Title=Adactin.com - New User Registration, Username=Ravi0111, Captcha Text=marbly, Confirm Password=Ravi123, Full Name=Ravi Kumar, Password=Ravi123, Email Address=ravi12@gmail.com}]]>
              </value>
            </param>
          </params>
          <reporter-output>
          </reporter-output>
        </test-method> <!-- validateRegistration -->
        <test-method is-config="true" signature="teardown()[pri:0, instance:testscripts.regression.ValidateRegistrationPOM@66982506]" started-at="2023-11-13T13:19:42 IST" name="teardown" finished-at="2023-11-13T13:19:45 IST" duration-ms="3610" status="PASS">
          <reporter-output>
          </reporter-output>
        </test-method> <!-- teardown -->
      </class> <!-- testscripts.regression.ValidateRegistrationPOM -->
      <class name="testscripts.regression.ValidateLoginUsingPOM2">
        <test-method is-config="true" signature="filesRead()[pri:0, instance:testscripts.regression.ValidateLoginUsingPOM2@45d84a20]" started-at="2023-11-13T13:18:55 IST" name="filesRead" finished-at="2023-11-13T13:18:55 IST" duration-ms="462" status="PASS">
          <reporter-output>
          </reporter-output>
        </test-method> <!-- filesRead -->
        <test-method is-config="true" signature="setUp(org.testng.ITestContext)[pri:0, instance:testscripts.regression.ValidateLoginUsingPOM2@45d84a20]" started-at="2023-11-13T13:18:57 IST" name="setUp" finished-at="2023-11-13T13:19:19 IST" duration-ms="22463" status="PASS">
          <params>
            <param index="0">
              <value>
                <![CDATA[org.testng.TestRunner@5f5c187d]]>
              </value>
            </param>
          </params>
          <reporter-output>
          </reporter-output>
        </test-method> <!-- setUp -->
        <test-method signature="validateLoginTest(java.util.HashMap)[pri:0, instance:testscripts.regression.ValidateLoginUsingPOM2@45d84a20]" started-at="2023-11-13T13:19:19 IST" name="validateLoginTest" data-provider="getData" finished-at="2023-11-13T13:19:25 IST" duration-ms="5810" status="PASS">
          <params>
            <param index="0">
              <value>
                <![CDATA[{Expected Title=Adactin.com - Search Hotel, password=reyaz123, username=reyaz009}]]>
              </value>
            </param>
          </params>
          <reporter-output>
          </reporter-output>
        </test-method> <!-- validateLoginTest -->
        <test-method is-config="true" signature="teardown()[pri:0, instance:testscripts.regression.ValidateLoginUsingPOM2@45d84a20]" started-at="2023-11-13T13:19:25 IST" name="teardown" finished-at="2023-11-13T13:19:29 IST" duration-ms="3632" status="PASS">
          <reporter-output>
          </reporter-output>
        </test-method> <!-- teardown -->
        <test-method is-config="true" signature="closeReports()[pri:0, instance:testscripts.regression.ValidateLoginUsingPOM2@45d84a20]" started-at="2023-11-13T13:19:45 IST" name="closeReports" finished-at="2023-11-13T13:19:46 IST" duration-ms="408" status="PASS">
          <reporter-output>
          </reporter-output>
        </test-method> <!-- closeReports -->
      </class> <!-- testscripts.regression.ValidateLoginUsingPOM2 -->
    </test> <!-- Test -->
  </suite> <!-- Suite -->
</testng-results>
